<?xml version="1.0" encoding="UTF-8"?>
<testsuite name="com.zs.hobbytracker.models.UserTest" tests="2" skipped="0" failures="0" errors="0" timestamp="2021-02-02T09:24:57" hostname="Raramuri" time="0.0">
  <properties/>
  <testcase name="fieldIdTest" classname="com.zs.hobbytracker.models.UserTest" time="0.0"/>
  <testcase name="fieldNameTest" classname="com.zs.hobbytracker.models.UserTest" time="0.0"/>
  <system-out><![CDATA[]]></system-out>
  <system-err><![CDATA[]]></system-err>
</testsuite>
