<?xml version="1.0" encoding="UTF-8"?>
<testsuite name="com.zs.hobbytracker.service.ChessServiceTest" tests="9" skipped="1" failures="0" errors="0" timestamp="2021-02-02T09:24:57" hostname="Raramuri" time="0.261">
  <properties/>
  <testcase name="getLatestStreakWhenIdIsAbsent" classname="com.zs.hobbytracker.service.ChessServiceTest" time="0.244"/>
  <testcase name="getLastTickWhenIdIsAbsent" classname="com.zs.hobbytracker.service.ChessServiceTest" time="0.0">
    <skipped/>
  </testcase>
  <testcase name="detailsForDateWhenUserIdAndDateAreAbsent" classname="com.zs.hobbytracker.service.ChessServiceTest" time="0.002"/>
  <testcase name="detailsForDateWhenUserIdAndDateArePresent" classname="com.zs.hobbytracker.service.ChessServiceTest" time="0.002"/>
  <testcase name="getLongestStreakWhenIdIsAbsent" classname="com.zs.hobbytracker.service.ChessServiceTest" time="0.002"/>
  <testcase name="getLatestStreakWhenIdIsPresent" classname="com.zs.hobbytracker.service.ChessServiceTest" time="0.002"/>
  <testcase name="getLastTickWhenIdIsPresent" classname="com.zs.hobbytracker.service.ChessServiceTest" time="0.002"/>
  <testcase name="getLongestStreakWhenIdIsPresent" classname="com.zs.hobbytracker.service.ChessServiceTest" time="0.002"/>
  <testcase name="tickTest" classname="com.zs.hobbytracker.service.ChessServiceTest" time="0.001"/>
  <system-out><![CDATA[]]></system-out>
  <system-err><![CDATA[]]></system-err>
</testsuite>
