<?xml version="1.0" encoding="UTF-8"?>
<testsuite name="com.zs.hobbytracker.validator.ValidatorTest" tests="8" skipped="0" failures="0" errors="0" timestamp="2021-02-02T09:24:56" hostname="Raramuri" time="0.32">
  <properties/>
  <testcase name="validateNumberOfMoves" classname="com.zs.hobbytracker.validator.ValidatorTest" time="0.307"/>
  <testcase name="isResultValidTest" classname="com.zs.hobbytracker.validator.ValidatorTest" time="0.002"/>
  <testcase name="validateStartTimeEndTime" classname="com.zs.hobbytracker.validator.ValidatorTest" time="0.001"/>
  <testcase name="validateResultChess" classname="com.zs.hobbytracker.validator.ValidatorTest" time="0.001"/>
  <testcase name="validateNumberOfPlayers" classname="com.zs.hobbytracker.validator.ValidatorTest" time="0.001"/>
  <testcase name="validateResultBadminton" classname="com.zs.hobbytracker.validator.ValidatorTest" time="0.001"/>
  <testcase name="resultNotValidTest" classname="com.zs.hobbytracker.validator.ValidatorTest" time="0.002"/>
  <testcase name="validateDateLastPlayed" classname="com.zs.hobbytracker.validator.ValidatorTest" time="0.001"/>
  <system-out><![CDATA[]]></system-out>
  <system-err><![CDATA[]]></system-err>
</testsuite>
