<?xml version="1.0" encoding="UTF-8"?>
<testsuite name="com.zs.hobbytracker.models.BadmintonTest" tests="6" skipped="0" failures="0" errors="0" timestamp="2021-02-02T09:24:58" hostname="Raramuri" time="0.003">
  <properties/>
  <testcase name="parameterisedConstructor" classname="com.zs.hobbytracker.models.BadmintonTest" time="0.0"/>
  <testcase name="equalsTest" classname="com.zs.hobbytracker.models.BadmintonTest" time="0.0"/>
  <testcase name="toStringTest" classname="com.zs.hobbytracker.models.BadmintonTest" time="0.001"/>
  <testcase name="getNumberOfPlayers" classname="com.zs.hobbytracker.models.BadmintonTest" time="0.001"/>
  <testcase name="getResult" classname="com.zs.hobbytracker.models.BadmintonTest" time="0.0"/>
  <testcase name="hashCodeTest" classname="com.zs.hobbytracker.models.BadmintonTest" time="0.0"/>
  <system-out><![CDATA[]]></system-out>
  <system-err><![CDATA[]]></system-err>
</testsuite>
